Analysis & Synthesis report for ARMv4ISA_Proccessor
Sat Apr 16 16:16:30 2022
Quartus Prime Version 21.1.0 Build 842 10/21/2021 SJ Lite Edition


---------------------
; Table of Contents ;
---------------------
  1. Legal Notice
  2. Analysis & Synthesis Summary
  3. Analysis & Synthesis Settings
  4. Parallel Compilation
  5. Analysis & Synthesis Source Files Read
  6. Analysis & Synthesis Resource Usage Summary
  7. Analysis & Synthesis Resource Utilization by Entity
  8. General Register Statistics
  9. Parameter Settings for User Entity Instance: main_module:main_module
 10. Port Connectivity Checks: "main_module:main_module|program_memory:program_memory"
 11. Post-Synthesis Netlist Statistics for Top Partition
 12. Elapsed Time Per Partition
 13. Analysis & Synthesis Messages



----------------
; Legal Notice ;
----------------
Copyright (C) 2021  Intel Corporation. All rights reserved.
Your use of Intel Corporation's design tools, logic functions 
and other software and tools, and any partner logic 
functions, and any output files from any of the foregoing 
(including device programming or simulation files), and any 
associated documentation or information are expressly subject 
to the terms and conditions of the Intel Program License 
Subscription Agreement, the Intel Quartus Prime License Agreement,
the Intel FPGA IP License Agreement, or other applicable license
agreement, including, without limitation, that your use is for
the sole purpose of programming logic devices manufactured by
Intel and sold by Intel or its authorized distributors.  Please
refer to the applicable agreement for further details, at
https://fpgasoftware.intel.com/eula.



+-------------------------------------------------------------------------------+
; Analysis & Synthesis Summary                                                  ;
+---------------------------------+---------------------------------------------+
; Analysis & Synthesis Status     ; Successful - Sat Apr 16 16:16:30 2022       ;
; Quartus Prime Version           ; 21.1.0 Build 842 10/21/2021 SJ Lite Edition ;
; Revision Name                   ; ARMv4ISA_Proccessor                         ;
; Top-level Entity Name           ; de0_nano_soc_baseline                       ;
; Family                          ; Cyclone V                                   ;
; Logic utilization (in ALMs)     ; N/A                                         ;
; Total registers                 ; 0                                           ;
; Total pins                      ; 1                                           ;
; Total virtual pins              ; 0                                           ;
; Total block memory bits         ; 0                                           ;
; Total DSP Blocks                ; 0                                           ;
; Total HSSI RX PCSs              ; 0                                           ;
; Total HSSI PMA RX Deserializers ; 0                                           ;
; Total HSSI TX PCSs              ; 0                                           ;
; Total HSSI PMA TX Serializers   ; 0                                           ;
; Total PLLs                      ; 0                                           ;
; Total DLLs                      ; 0                                           ;
+---------------------------------+---------------------------------------------+


+-------------------------------------------------------------------------------------------------------------------------------+
; Analysis & Synthesis Settings                                                                                                 ;
+---------------------------------------------------------------------------------+-----------------------+---------------------+
; Option                                                                          ; Setting               ; Default Value       ;
+---------------------------------------------------------------------------------+-----------------------+---------------------+
; Device                                                                          ; 5CSEMA4U23C6          ;                     ;
; Top-level entity name                                                           ; de0_nano_soc_baseline ; ARMv4ISA_Proccessor ;
; Family name                                                                     ; Cyclone V             ; Cyclone V           ;
; Use smart compilation                                                           ; Off                   ; Off                 ;
; Enable parallel Assembler and Timing Analyzer during compilation                ; On                    ; On                  ;
; Enable compact report table                                                     ; Off                   ; Off                 ;
; Restructure Multiplexers                                                        ; Auto                  ; Auto                ;
; MLAB Add Timing Constraints For Mixed-Port Feed-Through Mode Setting Don't Care ; Off                   ; Off                 ;
; Create Debugging Nodes for IP Cores                                             ; Off                   ; Off                 ;
; Preserve fewer node names                                                       ; On                    ; On                  ;
; Intel FPGA IP Evaluation Mode                                                   ; Enable                ; Enable              ;
; Verilog Version                                                                 ; Verilog_2001          ; Verilog_2001        ;
; VHDL Version                                                                    ; VHDL_1993             ; VHDL_1993           ;
; State Machine Processing                                                        ; Auto                  ; Auto                ;
; Safe State Machine                                                              ; Off                   ; Off                 ;
; Extract Verilog State Machines                                                  ; On                    ; On                  ;
; Extract VHDL State Machines                                                     ; On                    ; On                  ;
; Ignore Verilog initial constructs                                               ; Off                   ; Off                 ;
; Iteration limit for constant Verilog loops                                      ; 5000                  ; 5000                ;
; Iteration limit for non-constant Verilog loops                                  ; 250                   ; 250                 ;
; Add Pass-Through Logic to Inferred RAMs                                         ; On                    ; On                  ;
; Infer RAMs from Raw Logic                                                       ; On                    ; On                  ;
; Parallel Synthesis                                                              ; On                    ; On                  ;
; DSP Block Balancing                                                             ; Auto                  ; Auto                ;
; NOT Gate Push-Back                                                              ; On                    ; On                  ;
; Power-Up Don't Care                                                             ; On                    ; On                  ;
; Remove Redundant Logic Cells                                                    ; Off                   ; Off                 ;
; Remove Duplicate Registers                                                      ; On                    ; On                  ;
; Ignore CARRY Buffers                                                            ; Off                   ; Off                 ;
; Ignore CASCADE Buffers                                                          ; Off                   ; Off                 ;
; Ignore GLOBAL Buffers                                                           ; Off                   ; Off                 ;
; Ignore ROW GLOBAL Buffers                                                       ; Off                   ; Off                 ;
; Ignore LCELL Buffers                                                            ; Off                   ; Off                 ;
; Ignore SOFT Buffers                                                             ; On                    ; On                  ;
; Limit AHDL Integers to 32 Bits                                                  ; Off                   ; Off                 ;
; Optimization Technique                                                          ; Balanced              ; Balanced            ;
; Carry Chain Length                                                              ; 70                    ; 70                  ;
; Auto Carry Chains                                                               ; On                    ; On                  ;
; Auto Open-Drain Pins                                                            ; On                    ; On                  ;
; Perform WYSIWYG Primitive Resynthesis                                           ; Off                   ; Off                 ;
; Auto ROM Replacement                                                            ; On                    ; On                  ;
; Auto RAM Replacement                                                            ; On                    ; On                  ;
; Auto DSP Block Replacement                                                      ; On                    ; On                  ;
; Auto Shift Register Replacement                                                 ; Auto                  ; Auto                ;
; Allow Shift Register Merging across Hierarchies                                 ; Auto                  ; Auto                ;
; Auto Clock Enable Replacement                                                   ; On                    ; On                  ;
; Strict RAM Replacement                                                          ; Off                   ; Off                 ;
; Allow Synchronous Control Signals                                               ; On                    ; On                  ;
; Force Use of Synchronous Clear Signals                                          ; Off                   ; Off                 ;
; Auto Resource Sharing                                                           ; Off                   ; Off                 ;
; Allow Any RAM Size For Recognition                                              ; Off                   ; Off                 ;
; Allow Any ROM Size For Recognition                                              ; Off                   ; Off                 ;
; Allow Any Shift Register Size For Recognition                                   ; Off                   ; Off                 ;
; Use LogicLock Constraints during Resource Balancing                             ; On                    ; On                  ;
; Ignore translate_off and synthesis_off directives                               ; Off                   ; Off                 ;
; Timing-Driven Synthesis                                                         ; On                    ; On                  ;
; Report Parameter Settings                                                       ; On                    ; On                  ;
; Report Source Assignments                                                       ; On                    ; On                  ;
; Report Connectivity Checks                                                      ; On                    ; On                  ;
; Ignore Maximum Fan-Out Assignments                                              ; Off                   ; Off                 ;
; Synchronization Register Chain Length                                           ; 3                     ; 3                   ;
; Power Optimization During Synthesis                                             ; Normal compilation    ; Normal compilation  ;
; HDL message level                                                               ; Level2                ; Level2              ;
; Suppress Register Optimization Related Messages                                 ; Off                   ; Off                 ;
; Number of Removed Registers Reported in Synthesis Report                        ; 5000                  ; 5000                ;
; Number of Swept Nodes Reported in Synthesis Report                              ; 5000                  ; 5000                ;
; Number of Inverted Registers Reported in Synthesis Report                       ; 100                   ; 100                 ;
; Clock MUX Protection                                                            ; On                    ; On                  ;
; Auto Gated Clock Conversion                                                     ; Off                   ; Off                 ;
; Block Design Naming                                                             ; Auto                  ; Auto                ;
; SDC constraint protection                                                       ; Off                   ; Off                 ;
; Synthesis Effort                                                                ; Auto                  ; Auto                ;
; Shift Register Replacement - Allow Asynchronous Clear Signal                    ; On                    ; On                  ;
; Pre-Mapping Resynthesis Optimization                                            ; Off                   ; Off                 ;
; Analysis & Synthesis Message Level                                              ; Medium                ; Medium              ;
; Disable Register Merging Across Hierarchies                                     ; Auto                  ; Auto                ;
; Resource Aware Inference For Block RAM                                          ; On                    ; On                  ;
; Automatic Parallel Synthesis                                                    ; On                    ; On                  ;
; Partial Reconfiguration Bitstream ID                                            ; Off                   ; Off                 ;
+---------------------------------------------------------------------------------+-----------------------+---------------------+


+------------------------------------------+
; Parallel Compilation                     ;
+----------------------------+-------------+
; Processors                 ; Number      ;
+----------------------------+-------------+
; Number detected on machine ; 8           ;
; Maximum allowed            ; 4           ;
;                            ;             ;
; Average used               ; 1.00        ;
; Maximum used               ; 1           ;
;                            ;             ;
; Usage by Processor         ; % Time Used ;
;     Processor 1            ; 100.0%      ;
+----------------------------+-------------+


+-------------------------------------------------------------------------------------------------------------------------------------------------------------------------+
; Analysis & Synthesis Source Files Read                                                                                                                                  ;
+----------------------------------+-----------------+------------------------+---------------------------------------------------------------------------------+---------+
; File Name with User-Entered Path ; Used in Netlist ; File Type              ; File Name with Absolute Path                                                    ; Library ;
+----------------------------------+-----------------+------------------------+---------------------------------------------------------------------------------+---------+
; de0_nano_soc_baseline.v          ; yes             ; User Verilog HDL File  ; C:/Users/tsotn/Documents/QUARTUS_Intel_projects_FPGA/de0_nano_soc_baseline.v    ;         ;
; ARMv4ISA_Proccessor_MAIN.v       ; yes             ; User Verilog HDL File  ; C:/Users/tsotn/Documents/QUARTUS_Intel_projects_FPGA/ARMv4ISA_Proccessor_MAIN.v ;         ;
; program_memory.v                 ; yes             ; User Verilog HDL File  ; C:/Users/tsotn/Documents/QUARTUS_Intel_projects_FPGA/program_memory.v           ;         ;
; program_counter.v                ; yes             ; User Verilog HDL File  ; C:/Users/tsotn/Documents/QUARTUS_Intel_projects_FPGA/program_counter.v          ;         ;
; instr.txt                        ; yes             ; Auto-Found File        ; C:/Users/tsotn/Documents/QUARTUS_Intel_projects_FPGA/instr.txt                  ;         ;
+----------------------------------+-----------------+------------------------+---------------------------------------------------------------------------------+---------+


+-----------------------------------------------------------+
; Analysis & Synthesis Resource Usage Summary               ;
+---------------------------------------------+-------------+
; Resource                                    ; Usage       ;
+---------------------------------------------+-------------+
; Estimate of Logic utilization (ALMs needed) ; 0           ;
;                                             ;             ;
; Combinational ALUT usage for logic          ; 0           ;
;     -- 7 input functions                    ; 0           ;
;     -- 6 input functions                    ; 0           ;
;     -- 5 input functions                    ; 0           ;
;     -- 4 input functions                    ; 0           ;
;     -- <=3 input functions                  ; 0           ;
;                                             ;             ;
; Dedicated logic registers                   ; 0           ;
;                                             ;             ;
; I/O pins                                    ; 1           ;
;                                             ;             ;
; Total DSP Blocks                            ; 0           ;
;                                             ;             ;
; Maximum fan-out node                        ; FPGA_CLK_50 ;
; Maximum fan-out                             ; 1           ;
; Total fan-out                               ; 1           ;
; Average fan-out                             ; 0.50        ;
+---------------------------------------------+-------------+


+-----------------------------------------------------------------------------------------------------------------------------------------------------------------------------------------------------+
; Analysis & Synthesis Resource Utilization by Entity                                                                                                                                                 ;
+----------------------------+---------------------+---------------------------+-------------------+------------+------+--------------+------------------------+-----------------------+--------------+
; Compilation Hierarchy Node ; Combinational ALUTs ; Dedicated Logic Registers ; Block Memory Bits ; DSP Blocks ; Pins ; Virtual Pins ; Full Hierarchy Name    ; Entity Name           ; Library Name ;
+----------------------------+---------------------+---------------------------+-------------------+------------+------+--------------+------------------------+-----------------------+--------------+
; |de0_nano_soc_baseline     ; 0 (0)               ; 0 (0)                     ; 0                 ; 0          ; 1    ; 0            ; |de0_nano_soc_baseline ; de0_nano_soc_baseline ; work         ;
+----------------------------+---------------------+---------------------------+-------------------+------------+------+--------------+------------------------+-----------------------+--------------+
Note: For table entries with two numbers listed, the numbers in parentheses indicate the number of resources of the given type used by the specific entity alone. The numbers listed outside of parentheses indicate the total resources of the given type used by the specific entity and all of its sub-entities in the hierarchy.


+------------------------------------------------------+
; General Register Statistics                          ;
+----------------------------------------------+-------+
; Statistic                                    ; Value ;
+----------------------------------------------+-------+
; Total registers                              ; 0     ;
; Number of registers using Synchronous Clear  ; 0     ;
; Number of registers using Synchronous Load   ; 0     ;
; Number of registers using Asynchronous Clear ; 0     ;
; Number of registers using Asynchronous Load  ; 0     ;
; Number of registers using Clock Enable       ; 0     ;
; Number of registers using Preset             ; 0     ;
+----------------------------------------------+-------+


+----------------------------------------------------------------------+
; Parameter Settings for User Entity Instance: main_module:main_module ;
+----------------+-------+---------------------------------------------+
; Parameter Name ; Value ; Type                                        ;
+----------------+-------+---------------------------------------------+
; RESET_STATE    ; 00    ; Unsigned Binary                             ;
; FETCH_STATE    ; 01    ; Unsigned Binary                             ;
; DECODE_STATE   ; 10    ; Unsigned Binary                             ;
; EXEC_STATE     ; 11    ; Unsigned Binary                             ;
+----------------+-------+---------------------------------------------+
Note: In order to hide this table in the UI and the text report file, please set the "Show Parameter Settings in Synthesis Report" option in "Analysis and Synthesis Settings -> More Settings" to "Off".


+-----------------------------------------------------------------------------------------------------------------------+
; Port Connectivity Checks: "main_module:main_module|program_memory:program_memory"                                     ;
+-------------+--------+----------+-------------------------------------------------------------------------------------+
; Port        ; Type   ; Severity ; Details                                                                             ;
+-------------+--------+----------+-------------------------------------------------------------------------------------+
; instruction ; Output ; Info     ; Connected to dangling logic. Logic that only feeds a dangling port will be removed. ;
+-------------+--------+----------+-------------------------------------------------------------------------------------+


+-----------------------------------------------------+
; Post-Synthesis Netlist Statistics for Top Partition ;
+-------------------+---------------------------------+
; Type              ; Count                           ;
+-------------------+---------------------------------+
; boundary_port     ; 1                               ;
;                   ;                                 ;
; Max LUT depth     ; 0.00                            ;
; Average LUT depth ; 0.00                            ;
+-------------------+---------------------------------+


+-------------------------------+
; Elapsed Time Per Partition    ;
+----------------+--------------+
; Partition Name ; Elapsed Time ;
+----------------+--------------+
; Top            ; 00:00:00     ;
+----------------+--------------+


+-------------------------------+
; Analysis & Synthesis Messages ;
+-------------------------------+
Info: *******************************************************************
Info: Running Quartus Prime Analysis & Synthesis
    Info: Version 21.1.0 Build 842 10/21/2021 SJ Lite Edition
    Info: Processing started: Sat Apr 16 16:16:23 2022
Info: Command: quartus_map --read_settings_files=on --write_settings_files=off ARMv4ISA_Proccessor -c ARMv4ISA_Proccessor
Warning (18236): Number of processors has not been specified which may cause overloading on shared machines.  Set the global assignment NUM_PARALLEL_PROCESSORS in your QSF to an appropriate value for best performance.
Info (20030): Parallel compilation is enabled and will use 4 of the 4 processors detected
Info (12021): Found 1 design units, including 1 entities, in source file de0_nano_soc_baseline.v
    Info (12023): Found entity 1: de0_nano_soc_baseline File: C:/Users/tsotn/Documents/QUARTUS_Intel_projects_FPGA/de0_nano_soc_baseline.v Line: 40
Info (12021): Found 1 design units, including 1 entities, in source file armv4isa_proccessor_main.v
    Info (12023): Found entity 1: main_module File: C:/Users/tsotn/Documents/QUARTUS_Intel_projects_FPGA/ARMv4ISA_Proccessor_MAIN.v Line: 2
Info (12021): Found 1 design units, including 1 entities, in source file program_memory.v
    Info (12023): Found entity 1: program_memory File: C:/Users/tsotn/Documents/QUARTUS_Intel_projects_FPGA/program_memory.v Line: 2
Info (12021): Found 1 design units, including 1 entities, in source file program_counter.v
    Info (12023): Found entity 1: program_counter File: C:/Users/tsotn/Documents/QUARTUS_Intel_projects_FPGA/program_counter.v Line: 1
Info (12021): Found 1 design units, including 1 entities, in source file testbench.v
    Info (12023): Found entity 1: testbench File: C:/Users/tsotn/Documents/QUARTUS_Intel_projects_FPGA/testbench.v Line: 1
Info (12127): Elaborating entity "de0_nano_soc_baseline" for the top level hierarchy
Info (12128): Elaborating entity "main_module" for hierarchy "main_module:main_module" File: C:/Users/tsotn/Documents/QUARTUS_Intel_projects_FPGA/de0_nano_soc_baseline.v Line: 47
Warning (10235): Verilog HDL Always Construct warning at ARMv4ISA_Proccessor_MAIN.v(40): variable "opcode" is read inside the Always Construct but isn't in the Always Construct's Event Control File: C:/Users/tsotn/Documents/QUARTUS_Intel_projects_FPGA/ARMv4ISA_Proccessor_MAIN.v Line: 40
Warning (10235): Verilog HDL Always Construct warning at ARMv4ISA_Proccessor_MAIN.v(43): variable "opcode" is read inside the Always Construct but isn't in the Always Construct's Event Control File: C:/Users/tsotn/Documents/QUARTUS_Intel_projects_FPGA/ARMv4ISA_Proccessor_MAIN.v Line: 43
Warning (10230): Verilog HDL assignment warning at ARMv4ISA_Proccessor_MAIN.v(43): truncated value with size 32 to match size of target (2) File: C:/Users/tsotn/Documents/QUARTUS_Intel_projects_FPGA/ARMv4ISA_Proccessor_MAIN.v Line: 43
Warning (10240): Verilog HDL Always Construct warning at ARMv4ISA_Proccessor_MAIN.v(48): inferring latch(es) for variable "program_increment_flag", which holds its previous value in one or more paths through the always construct File: C:/Users/tsotn/Documents/QUARTUS_Intel_projects_FPGA/ARMv4ISA_Proccessor_MAIN.v Line: 48
Warning (10240): Verilog HDL Always Construct warning at ARMv4ISA_Proccessor_MAIN.v(48): inferring latch(es) for variable "program_signal", which holds its previous value in one or more paths through the always construct File: C:/Users/tsotn/Documents/QUARTUS_Intel_projects_FPGA/ARMv4ISA_Proccessor_MAIN.v Line: 48
Info (10041): Inferred latch for "program_signal" at ARMv4ISA_Proccessor_MAIN.v(48) File: C:/Users/tsotn/Documents/QUARTUS_Intel_projects_FPGA/ARMv4ISA_Proccessor_MAIN.v Line: 48
Info (10041): Inferred latch for "program_increment_flag" at ARMv4ISA_Proccessor_MAIN.v(48) File: C:/Users/tsotn/Documents/QUARTUS_Intel_projects_FPGA/ARMv4ISA_Proccessor_MAIN.v Line: 48
Info (12128): Elaborating entity "program_counter" for hierarchy "main_module:main_module|program_counter:program_counter" File: C:/Users/tsotn/Documents/QUARTUS_Intel_projects_FPGA/ARMv4ISA_Proccessor_MAIN.v Line: 25
Warning (10235): Verilog HDL Always Construct warning at program_counter.v(14): variable "increment_flag" is read inside the Always Construct but isn't in the Always Construct's Event Control File: C:/Users/tsotn/Documents/QUARTUS_Intel_projects_FPGA/program_counter.v Line: 14
Warning (10235): Verilog HDL Always Construct warning at program_counter.v(15): variable "program_counter" is read inside the Always Construct but isn't in the Always Construct's Event Control File: C:/Users/tsotn/Documents/QUARTUS_Intel_projects_FPGA/program_counter.v Line: 15
Warning (10230): Verilog HDL assignment warning at program_counter.v(15): truncated value with size 32 to match size of target (8) File: C:/Users/tsotn/Documents/QUARTUS_Intel_projects_FPGA/program_counter.v Line: 15
Warning (10240): Verilog HDL Always Construct warning at program_counter.v(12): inferring latch(es) for variable "program_counter", which holds its previous value in one or more paths through the always construct File: C:/Users/tsotn/Documents/QUARTUS_Intel_projects_FPGA/program_counter.v Line: 12
Info (10041): Inferred latch for "program_counter[0]" at program_counter.v(12) File: C:/Users/tsotn/Documents/QUARTUS_Intel_projects_FPGA/program_counter.v Line: 12
Info (10041): Inferred latch for "program_counter[1]" at program_counter.v(12) File: C:/Users/tsotn/Documents/QUARTUS_Intel_projects_FPGA/program_counter.v Line: 12
Info (10041): Inferred latch for "program_counter[2]" at program_counter.v(12) File: C:/Users/tsotn/Documents/QUARTUS_Intel_projects_FPGA/program_counter.v Line: 12
Info (10041): Inferred latch for "program_counter[3]" at program_counter.v(12) File: C:/Users/tsotn/Documents/QUARTUS_Intel_projects_FPGA/program_counter.v Line: 12
Info (10041): Inferred latch for "program_counter[4]" at program_counter.v(12) File: C:/Users/tsotn/Documents/QUARTUS_Intel_projects_FPGA/program_counter.v Line: 12
Info (10041): Inferred latch for "program_counter[5]" at program_counter.v(12) File: C:/Users/tsotn/Documents/QUARTUS_Intel_projects_FPGA/program_counter.v Line: 12
Info (10041): Inferred latch for "program_counter[6]" at program_counter.v(12) File: C:/Users/tsotn/Documents/QUARTUS_Intel_projects_FPGA/program_counter.v Line: 12
Info (10041): Inferred latch for "program_counter[7]" at program_counter.v(12) File: C:/Users/tsotn/Documents/QUARTUS_Intel_projects_FPGA/program_counter.v Line: 12
Info (12128): Elaborating entity "program_memory" for hierarchy "main_module:main_module|program_memory:program_memory" File: C:/Users/tsotn/Documents/QUARTUS_Intel_projects_FPGA/ARMv4ISA_Proccessor_MAIN.v Line: 35
Warning (10850): Verilog HDL warning at program_memory.v(17): number of words (3) in memory file does not match the number of elements in the address range [0:255] File: C:/Users/tsotn/Documents/QUARTUS_Intel_projects_FPGA/program_memory.v Line: 17
Warning (10240): Verilog HDL Always Construct warning at program_memory.v(22): inferring latch(es) for variable "instruction", which holds its previous value in one or more paths through the always construct File: C:/Users/tsotn/Documents/QUARTUS_Intel_projects_FPGA/program_memory.v Line: 22
Warning (10030): Net "instrmem.data_a" at program_memory.v(11) has no driver or initial value, using a default initial value '0' File: C:/Users/tsotn/Documents/QUARTUS_Intel_projects_FPGA/program_memory.v Line: 11
Warning (10030): Net "instrmem.waddr_a" at program_memory.v(11) has no driver or initial value, using a default initial value '0' File: C:/Users/tsotn/Documents/QUARTUS_Intel_projects_FPGA/program_memory.v Line: 11
Warning (10030): Net "instrmem.we_a" at program_memory.v(11) has no driver or initial value, using a default initial value '0' File: C:/Users/tsotn/Documents/QUARTUS_Intel_projects_FPGA/program_memory.v Line: 11
Info (10041): Inferred latch for "instruction[0]" at program_memory.v(22) File: C:/Users/tsotn/Documents/QUARTUS_Intel_projects_FPGA/program_memory.v Line: 22
Info (10041): Inferred latch for "instruction[1]" at program_memory.v(22) File: C:/Users/tsotn/Documents/QUARTUS_Intel_projects_FPGA/program_memory.v Line: 22
Info (10041): Inferred latch for "instruction[2]" at program_memory.v(22) File: C:/Users/tsotn/Documents/QUARTUS_Intel_projects_FPGA/program_memory.v Line: 22
Info (10041): Inferred latch for "instruction[3]" at program_memory.v(22) File: C:/Users/tsotn/Documents/QUARTUS_Intel_projects_FPGA/program_memory.v Line: 22
Info (10041): Inferred latch for "instruction[4]" at program_memory.v(22) File: C:/Users/tsotn/Documents/QUARTUS_Intel_projects_FPGA/program_memory.v Line: 22
Info (10041): Inferred latch for "instruction[5]" at program_memory.v(22) File: C:/Users/tsotn/Documents/QUARTUS_Intel_projects_FPGA/program_memory.v Line: 22
Info (10041): Inferred latch for "instruction[6]" at program_memory.v(22) File: C:/Users/tsotn/Documents/QUARTUS_Intel_projects_FPGA/program_memory.v Line: 22
Info (10041): Inferred latch for "instruction[7]" at program_memory.v(22) File: C:/Users/tsotn/Documents/QUARTUS_Intel_projects_FPGA/program_memory.v Line: 22
Info (10041): Inferred latch for "instruction[8]" at program_memory.v(22) File: C:/Users/tsotn/Documents/QUARTUS_Intel_projects_FPGA/program_memory.v Line: 22
Info (10041): Inferred latch for "instruction[9]" at program_memory.v(22) File: C:/Users/tsotn/Documents/QUARTUS_Intel_projects_FPGA/program_memory.v Line: 22
Info (10041): Inferred latch for "instruction[10]" at program_memory.v(22) File: C:/Users/tsotn/Documents/QUARTUS_Intel_projects_FPGA/program_memory.v Line: 22
Info (10041): Inferred latch for "instruction[11]" at program_memory.v(22) File: C:/Users/tsotn/Documents/QUARTUS_Intel_projects_FPGA/program_memory.v Line: 22
Info (10041): Inferred latch for "instruction[12]" at program_memory.v(22) File: C:/Users/tsotn/Documents/QUARTUS_Intel_projects_FPGA/program_memory.v Line: 22
Info (10041): Inferred latch for "instruction[13]" at program_memory.v(22) File: C:/Users/tsotn/Documents/QUARTUS_Intel_projects_FPGA/program_memory.v Line: 22
Info (10041): Inferred latch for "instruction[14]" at program_memory.v(22) File: C:/Users/tsotn/Documents/QUARTUS_Intel_projects_FPGA/program_memory.v Line: 22
Info (10041): Inferred latch for "instruction[15]" at program_memory.v(22) File: C:/Users/tsotn/Documents/QUARTUS_Intel_projects_FPGA/program_memory.v Line: 22
Info (10041): Inferred latch for "instruction[16]" at program_memory.v(22) File: C:/Users/tsotn/Documents/QUARTUS_Intel_projects_FPGA/program_memory.v Line: 22
Info (10041): Inferred latch for "instruction[17]" at program_memory.v(22) File: C:/Users/tsotn/Documents/QUARTUS_Intel_projects_FPGA/program_memory.v Line: 22
Info (10041): Inferred latch for "instruction[18]" at program_memory.v(22) File: C:/Users/tsotn/Documents/QUARTUS_Intel_projects_FPGA/program_memory.v Line: 22
Info (10041): Inferred latch for "instruction[19]" at program_memory.v(22) File: C:/Users/tsotn/Documents/QUARTUS_Intel_projects_FPGA/program_memory.v Line: 22
Info (10041): Inferred latch for "instruction[20]" at program_memory.v(22) File: C:/Users/tsotn/Documents/QUARTUS_Intel_projects_FPGA/program_memory.v Line: 22
Info (10041): Inferred latch for "instruction[21]" at program_memory.v(22) File: C:/Users/tsotn/Documents/QUARTUS_Intel_projects_FPGA/program_memory.v Line: 22
Info (10041): Inferred latch for "instruction[22]" at program_memory.v(22) File: C:/Users/tsotn/Documents/QUARTUS_Intel_projects_FPGA/program_memory.v Line: 22
Info (10041): Inferred latch for "instruction[23]" at program_memory.v(22) File: C:/Users/tsotn/Documents/QUARTUS_Intel_projects_FPGA/program_memory.v Line: 22
Info (10041): Inferred latch for "instruction[24]" at program_memory.v(22) File: C:/Users/tsotn/Documents/QUARTUS_Intel_projects_FPGA/program_memory.v Line: 22
Info (10041): Inferred latch for "instruction[25]" at program_memory.v(22) File: C:/Users/tsotn/Documents/QUARTUS_Intel_projects_FPGA/program_memory.v Line: 22
Info (10041): Inferred latch for "instruction[26]" at program_memory.v(22) File: C:/Users/tsotn/Documents/QUARTUS_Intel_projects_FPGA/program_memory.v Line: 22
Info (10041): Inferred latch for "instruction[27]" at program_memory.v(22) File: C:/Users/tsotn/Documents/QUARTUS_Intel_projects_FPGA/program_memory.v Line: 22
Info (10041): Inferred latch for "instruction[28]" at program_memory.v(22) File: C:/Users/tsotn/Documents/QUARTUS_Intel_projects_FPGA/program_memory.v Line: 22
Info (10041): Inferred latch for "instruction[29]" at program_memory.v(22) File: C:/Users/tsotn/Documents/QUARTUS_Intel_projects_FPGA/program_memory.v Line: 22
Info (10041): Inferred latch for "instruction[30]" at program_memory.v(22) File: C:/Users/tsotn/Documents/QUARTUS_Intel_projects_FPGA/program_memory.v Line: 22
Info (10041): Inferred latch for "instruction[31]" at program_memory.v(22) File: C:/Users/tsotn/Documents/QUARTUS_Intel_projects_FPGA/program_memory.v Line: 22
Info (16010): Generating hard_block partition "hard_block:auto_generated_inst"
    Info (16011): Adding 0 node(s), including 0 DDIO, 0 PLL, 0 transceiver and 0 LCELL
Warning (21074): Design contains 1 input pin(s) that do not drive logic
    Warning (15610): No output dependent on input pin "FPGA_CLK_50" File: C:/Users/tsotn/Documents/QUARTUS_Intel_projects_FPGA/de0_nano_soc_baseline.v Line: 45
Info (21057): Implemented 1 device resources after synthesis - the final resource count might be different
    Info (21058): Implemented 1 input pins
    Info (21059): Implemented 0 output pins
Info: Quartus Prime Analysis & Synthesis was successful. 0 errors, 17 warnings
    Info: Peak virtual memory: 4805 megabytes
    Info: Processing ended: Sat Apr 16 16:16:30 2022
    Info: Elapsed time: 00:00:07
    Info: Total CPU time (on all processors): 00:00:16


